WARN  2016-05-19 14:44:51,002 (StunServiceImpl.java:420) received no response from STUN server stunserver.org/69.172.201.153:3478 at local address /192.168.56.1:0
WARN  2016-05-19 14:44:51,002 (StunServiceImpl.java:420) received no response from STUN server stunserver.org/69.172.201.153:3478 at local address /10.16.136.202:0
WARN  2016-05-19 14:45:13,909 (EditorAPI.java:381) Viewport Range Problem in org.eclipse.jdt.internal.ui.javaeditor.CompilationUnitEditor$AdaptedSourceViewer@7a4efee2: Bottom == 3 < Top == 8
WARN  2016-05-19 14:46:24,668 (Socks5Transport.java:411) [SOCKS5Transport] Couldn't accept request but still trying to establish a response connection: Could not establish socket with any provided host
ERROR 2016-05-19 14:46:24,670 (Socks5Transport.java:440) An error occurred while establishing a response connection 
item-not-found(404) Could not establish socket with any provided host
	at org.jivesoftware.smack.util.SyncPacketSend.getReply(SyncPacketSend.java:54)
	at org.jivesoftware.smackx.bytestreams.socks5.Socks5BytestreamManager.establishSession(Socks5BytestreamManager.java:481)
	at org.jivesoftware.smackx.bytestreams.socks5.Socks5BytestreamManager.establishSession(Socks5BytestreamManager.java:83)
	at de.fu_berlin.inf.dpp.net.internal.Socks5Transport.establishResponseSession(Socks5Transport.java:631)
	at de.fu_berlin.inf.dpp.net.internal.Socks5Transport$1.call(Socks5Transport.java:108)
	at de.fu_berlin.inf.dpp.net.internal.Socks5Transport$1.call(Socks5Transport.java:1)
	at java.util.concurrent.FutureTask.run(FutureTask.java:266)
	at java.util.concurrent.ThreadPoolExecutor.runWorker(ThreadPoolExecutor.java:1142)
	at java.util.concurrent.ThreadPoolExecutor$Worker.run(ThreadPoolExecutor.java:617)
	at java.lang.Thread.run(Thread.java:745)
ERROR 2016-05-19 14:46:24,690 (ByteStreamTransport.java:105) could not establish bytestream connection to jackcbreton@saros-con.imp.fu-berlin.de/Saros
java.io.IOException: [SOCKS5Transport] Neither connection could be established. 
	at de.fu_berlin.inf.dpp.net.internal.Socks5Transport.acceptNewRequest(Socks5Transport.java:446)
	at de.fu_berlin.inf.dpp.net.internal.Socks5Transport.acceptRequest(Socks5Transport.java:474)
	at de.fu_berlin.inf.dpp.net.internal.ByteStreamTransport$1.incomingBytestreamRequest(ByteStreamTransport.java:77)
	at org.jivesoftware.smackx.bytestreams.socks5.InitiationListener.processRequest(InitiationListener.java:91)
	at org.jivesoftware.smackx.bytestreams.socks5.InitiationListener.access$000(InitiationListener.java:37)
	at org.jivesoftware.smackx.bytestreams.socks5.InitiationListener$1.run(InitiationListener.java:63)
	at java.util.concurrent.ThreadPoolExecutor.runWorker(ThreadPoolExecutor.java:1142)
	at java.util.concurrent.ThreadPoolExecutor$Worker.run(ThreadPoolExecutor.java:617)
	at java.lang.Thread.run(Thread.java:745)
WARN  2016-05-19 14:46:59,276 (Socks5Transport.java:544) [SOCKS5Transport] could not establish a connection to jackcbreton@saros-con.imp.fu-berlin.de/Saros, remote side could not connect to any offered stream hosts: item-not-found(404) Could not establish socket with any provided host
ERROR 2016-05-19 14:47:19,946 (ByteStreamTransport.java:105) could not establish bytestream connection to jackcbreton@saros-con.imp.fu-berlin.de/Saros
Could not establish socket with any provided host: item-not-found(404) Could not establish socket with any provided host
	at org.jivesoftware.smackx.bytestreams.socks5.Socks5BytestreamRequest.cancelRequest(Socks5BytestreamRequest.java:277)
	at org.jivesoftware.smackx.bytestreams.socks5.Socks5BytestreamRequest.accept(Socks5BytestreamRequest.java:247)
	at org.jivesoftware.smackx.bytestreams.socks5.Socks5BytestreamRequest.accept(Socks5BytestreamRequest.java:34)
	at de.fu_berlin.inf.dpp.net.internal.Socks5Transport.handleResponse(Socks5Transport.java:315)
	at de.fu_berlin.inf.dpp.net.internal.Socks5Transport.acceptRequest(Socks5Transport.java:471)
	at de.fu_berlin.inf.dpp.net.internal.ByteStreamTransport$1.incomingBytestreamRequest(ByteStreamTransport.java:77)
	at org.jivesoftware.smackx.bytestreams.socks5.InitiationListener.processRequest(InitiationListener.java:91)
	at org.jivesoftware.smackx.bytestreams.socks5.InitiationListener.access$000(InitiationListener.java:37)
	at org.jivesoftware.smackx.bytestreams.socks5.InitiationListener$1.run(InitiationListener.java:63)
	at java.util.concurrent.ThreadPoolExecutor.runWorker(ThreadPoolExecutor.java:1142)
	at java.util.concurrent.ThreadPoolExecutor$Worker.run(ThreadPoolExecutor.java:617)
	at java.lang.Thread.run(Thread.java:745)
WARN  2016-05-19 14:47:29,282 (DataTransferManager.java:415) failed to connect to jackcbreton@saros-con.imp.fu-berlin.de/Saros using transport: XMPP-Socks5-Transport
java.io.IOException: [SOCKS5Transport] waiting for a response session timed out (30000ms) and could not establish a connection from this side, too:
	at de.fu_berlin.inf.dpp.net.internal.Socks5Transport.establishBinaryChannel(Socks5Transport.java:592)
	at de.fu_berlin.inf.dpp.net.internal.ByteStreamTransport.connect(ByteStreamTransport.java:48)
	at de.fu_berlin.inf.dpp.net.internal.DataTransferManager.connectInternal(DataTransferManager.java:412)
	at de.fu_berlin.inf.dpp.net.internal.DataTransferManager.sendData(DataTransferManager.java:242)
	at de.fu_berlin.inf.dpp.net.internal.XMPPTransmitter.send(XMPPTransmitter.java:88)
	at de.fu_berlin.inf.dpp.net.internal.XMPPTransmitter.send(XMPPTransmitter.java:64)
	at de.fu_berlin.inf.dpp.whiteboard.net.SarosSXETransmitter.sendWithoutDispatch(SarosSXETransmitter.java:137)
	at de.fu_berlin.inf.dpp.whiteboard.net.SarosSXETransmitter.sendAndAwait(SarosSXETransmitter.java:162)
	at de.fu_berlin.inf.dpp.whiteboard.sxe.net.SXEOutgoingSynchronizationProcess.start(SXEOutgoingSynchronizationProcess.java:58)
	at de.fu_berlin.inf.dpp.whiteboard.net.WhiteboardManager$1.postOutgoingInvitationCompleted(WhiteboardManager.java:96)
	at de.fu_berlin.inf.dpp.project.SarosSessionManager.postOutgoingInvitationCompleted(SarosSessionManager.java:667)
	at de.fu_berlin.inf.dpp.negotiation.OutgoingSessionNegotiation.start(OutgoingSessionNegotiation.java:202)
	at de.fu_berlin.inf.dpp.ui.eventhandler.NegotiationHandler$OutgoingInvitationJob.run(NegotiationHandler.java:86)
	at org.eclipse.core.internal.jobs.Worker.run(Worker.java:55)
Caused by: item-not-found(404) Could not establish socket with any provided host
	at org.jivesoftware.smack.util.SyncPacketSend.getReply(SyncPacketSend.java:54)
	at org.jivesoftware.smackx.bytestreams.socks5.Socks5BytestreamManager.establishSession(Socks5BytestreamManager.java:481)
	at org.jivesoftware.smackx.bytestreams.socks5.Socks5BytestreamManager.establishSession(Socks5BytestreamManager.java:83)
	at de.fu_berlin.inf.dpp.net.internal.Socks5Transport.establishBinaryChannel(Socks5Transport.java:512)
	... 13 more
ERROR 2016-05-19 14:53:53,876 (BinaryChannelConnection.java:115) [mode=IBB, id=saros-main-session] jackcbreton@saros-con.imp.fu-berlin.de/Saros network error: Stream is closed
java.io.IOException: Stream is closed
	at org.jivesoftware.smackx.bytestreams.ibb.InBandBytestreamSession$IBBInputStream.checkClosed(InBandBytestreamSession.java:395)
	at org.jivesoftware.smackx.bytestreams.ibb.InBandBytestreamSession$IBBInputStream.read(InBandBytestreamSession.java:305)
	at java.io.BufferedInputStream.fill(BufferedInputStream.java:246)
	at java.io.BufferedInputStream.read(BufferedInputStream.java:265)
	at java.io.DataInputStream.readUnsignedByte(DataInputStream.java:288)
	at de.fu_berlin.inf.dpp.net.internal.BinaryChannelConnection.readNextXMPPExtension(BinaryChannelConnection.java:347)
	at de.fu_berlin.inf.dpp.net.internal.BinaryChannelConnection.access$2(BinaryChannelConnection.java:343)
	at de.fu_berlin.inf.dpp.net.internal.BinaryChannelConnection$ReceiverThread.run(BinaryChannelConnection.java:106)
ERROR 2016-05-19 14:53:54,543 (DataTransferManager.java:270) failed to send TransferDescription [elementName=ados, namespace=de.fu_berlin.inf.dpp, recipient=jackcbreton@saros-con.imp.fu-berlin.de/Saros, sender=toper@saros-con.imp.fu-berlin.de/Saros, compress=true], connection=[mode=IBB, id=saros-main-session] jackcbreton@saros-con.imp.fu-berlin.de/Saros:Error while sending Data: No response from server.
java.io.IOException: Error while sending Data: No response from server.
	at org.jivesoftware.smackx.bytestreams.ibb.InBandBytestreamSession$IQIBBOutputStream.writeToXML(InBandBytestreamSession.java:769)
	at org.jivesoftware.smackx.bytestreams.ibb.InBandBytestreamSession$IBBOutputStream.flushBuffer(InBandBytestreamSession.java:707)
	at org.jivesoftware.smackx.bytestreams.ibb.InBandBytestreamSession$IBBOutputStream.flush(InBandBytestreamSession.java:691)
	at java.io.BufferedOutputStream.flush(BufferedOutputStream.java:141)
	at java.io.DataOutputStream.flush(DataOutputStream.java:123)
	at de.fu_berlin.inf.dpp.net.internal.BinaryChannelConnection.sendData(BinaryChannelConnection.java:525)
	at de.fu_berlin.inf.dpp.net.internal.BinaryChannelConnection.splitAndSend(BinaryChannelConnection.java:560)
	at de.fu_berlin.inf.dpp.net.internal.BinaryChannelConnection.send(BinaryChannelConnection.java:325)
	at de.fu_berlin.inf.dpp.net.internal.DataTransferManager.sendInternal(DataTransferManager.java:268)
	at de.fu_berlin.inf.dpp.net.internal.DataTransferManager.sendData(DataTransferManager.java:216)
	at de.fu_berlin.inf.dpp.net.internal.XMPPTransmitter.send(XMPPTransmitter.java:90)
	at de.fu_berlin.inf.dpp.project.internal.ActivitySequencer.sendActivities(ActivitySequencer.java:501)
	at de.fu_berlin.inf.dpp.project.internal.ActivitySequencer.access$3(ActivitySequencer.java:482)
	at de.fu_berlin.inf.dpp.project.internal.ActivitySequencer$2.run(ActivitySequencer.java:152)
	at de.fu_berlin.inf.dpp.util.ThreadUtils$1.run(ThreadUtils.java:38)
	at java.lang.Thread.run(Thread.java:745)
ERROR 2016-05-19 14:53:54,543 (DataTransferManager.java:270) failed to send TransferDescription [elementName=ping, namespace=de.fu_berlin.inf.dpp, recipient=jackcbreton@saros-con.imp.fu-berlin.de/Saros, sender=toper@saros-con.imp.fu-berlin.de/Saros, compress=true], connection=[mode=IBB, id=saros-main-session] jackcbreton@saros-con.imp.fu-berlin.de/Saros:connection is closed
java.io.EOFException: connection is closed
	at de.fu_berlin.inf.dpp.net.internal.BinaryChannelConnection.send(BinaryChannelConnection.java:216)
	at de.fu_berlin.inf.dpp.net.internal.DataTransferManager.sendInternal(DataTransferManager.java:268)
	at de.fu_berlin.inf.dpp.net.internal.DataTransferManager.sendData(DataTransferManager.java:216)
	at de.fu_berlin.inf.dpp.net.internal.XMPPTransmitter.send(XMPPTransmitter.java:90)
	at de.fu_berlin.inf.dpp.project.internal.timeout.ServerSessionTimeoutHandler$3.run(ServerSessionTimeoutHandler.java:103)
	at de.fu_berlin.inf.dpp.util.ThreadUtils$1.run(ThreadUtils.java:38)
	at java.lang.Thread.run(Thread.java:745)
ERROR 2016-05-19 14:53:54,554 (ServerSessionTimeoutHandler.java:113) failed to send ping to: jackcbreton@saros-con.imp.fu-berlin.de/Saros
java.io.EOFException: connection is closed
	at de.fu_berlin.inf.dpp.net.internal.BinaryChannelConnection.send(BinaryChannelConnection.java:216)
	at de.fu_berlin.inf.dpp.net.internal.DataTransferManager.sendInternal(DataTransferManager.java:268)
	at de.fu_berlin.inf.dpp.net.internal.DataTransferManager.sendData(DataTransferManager.java:216)
	at de.fu_berlin.inf.dpp.net.internal.XMPPTransmitter.send(XMPPTransmitter.java:90)
	at de.fu_berlin.inf.dpp.project.internal.timeout.ServerSessionTimeoutHandler$3.run(ServerSessionTimeoutHandler.java:103)
	at de.fu_berlin.inf.dpp.util.ThreadUtils$1.run(ThreadUtils.java:38)
	at java.lang.Thread.run(Thread.java:745)
ERROR 2016-05-19 14:53:54,546 (ActivitySequencer.java:504) failed to sent activities: [ChecksumActivity(path: SPath [path=src/net/toper/main/Background.java, project=Phantom], hash: 113809856, length: 568, jupiterTimestamp: [0,0]), ChecksumActivity(path: SPath [path=src/net/toper/main/Render.java, project=Phantom], hash: 1619146915, length: 423, jupiterTimestamp: [0,0]), ChecksumActivity(path: SPath [path=src/net/toper/main/Road.java, project=Phantom], hash: -1199802694, length: 479, jupiterTimestamp: [0,0]), ChecksumActivity(path: SPath [path=src/net/toper/main/Player.java, project=Phantom], hash: -2089397432, length: 3081, jupiterTimestamp: [30,0]), ChecksumActivity(path: SPath [path=src/net/toper/util/SimplexNoise.java, project=Phantom], hash: 1495763045, length: 5842, jupiterTimestamp: [0,0])]
java.io.IOException: Error while sending Data: No response from server.
	at org.jivesoftware.smackx.bytestreams.ibb.InBandBytestreamSession$IQIBBOutputStream.writeToXML(InBandBytestreamSession.java:769)
	at org.jivesoftware.smackx.bytestreams.ibb.InBandBytestreamSession$IBBOutputStream.flushBuffer(InBandBytestreamSession.java:707)
	at org.jivesoftware.smackx.bytestreams.ibb.InBandBytestreamSession$IBBOutputStream.flush(InBandBytestreamSession.java:691)
	at java.io.BufferedOutputStream.flush(BufferedOutputStream.java:141)
	at java.io.DataOutputStream.flush(DataOutputStream.java:123)
	at de.fu_berlin.inf.dpp.net.internal.BinaryChannelConnection.sendData(BinaryChannelConnection.java:525)
	at de.fu_berlin.inf.dpp.net.internal.BinaryChannelConnection.splitAndSend(BinaryChannelConnection.java:560)
	at de.fu_berlin.inf.dpp.net.internal.BinaryChannelConnection.send(BinaryChannelConnection.java:325)
	at de.fu_berlin.inf.dpp.net.internal.DataTransferManager.sendInternal(DataTransferManager.java:268)
	at de.fu_berlin.inf.dpp.net.internal.DataTransferManager.sendData(DataTransferManager.java:216)
	at de.fu_berlin.inf.dpp.net.internal.XMPPTransmitter.send(XMPPTransmitter.java:90)
	at de.fu_berlin.inf.dpp.project.internal.ActivitySequencer.sendActivities(ActivitySequencer.java:501)
	at de.fu_berlin.inf.dpp.project.internal.ActivitySequencer.access$3(ActivitySequencer.java:482)
	at de.fu_berlin.inf.dpp.project.internal.ActivitySequencer$2.run(ActivitySequencer.java:152)
	at de.fu_berlin.inf.dpp.util.ThreadUtils$1.run(ThreadUtils.java:38)
	at java.lang.Thread.run(Thread.java:745)
WARN  2016-05-19 14:56:00,701 (Socks5Transport.java:544) [SOCKS5Transport] could not establish a connection to jackcbreton@saros-con.imp.fu-berlin.de/Saros, remote side could not connect to any offered stream hosts: item-not-found(404) Could not establish socket with any provided host
ERROR 2016-05-19 14:56:01,363 (ByteStreamTransport.java:105) could not establish bytestream connection to jackcbreton@saros-con.imp.fu-berlin.de/Saros
Could not establish socket with any provided host: item-not-found(404) Could not establish socket with any provided host
	at org.jivesoftware.smackx.bytestreams.socks5.Socks5BytestreamRequest.cancelRequest(Socks5BytestreamRequest.java:277)
	at org.jivesoftware.smackx.bytestreams.socks5.Socks5BytestreamRequest.accept(Socks5BytestreamRequest.java:247)
	at org.jivesoftware.smackx.bytestreams.socks5.Socks5BytestreamRequest.accept(Socks5BytestreamRequest.java:34)
	at de.fu_berlin.inf.dpp.net.internal.Socks5Transport.handleResponse(Socks5Transport.java:315)
	at de.fu_berlin.inf.dpp.net.internal.Socks5Transport.acceptRequest(Socks5Transport.java:471)
	at de.fu_berlin.inf.dpp.net.internal.ByteStreamTransport$1.incomingBytestreamRequest(ByteStreamTransport.java:77)
	at org.jivesoftware.smackx.bytestreams.socks5.InitiationListener.processRequest(InitiationListener.java:91)
	at org.jivesoftware.smackx.bytestreams.socks5.InitiationListener.access$000(InitiationListener.java:37)
	at org.jivesoftware.smackx.bytestreams.socks5.InitiationListener$1.run(InitiationListener.java:63)
	at java.util.concurrent.ThreadPoolExecutor.runWorker(ThreadPoolExecutor.java:1142)
	at java.util.concurrent.ThreadPoolExecutor$Worker.run(ThreadPoolExecutor.java:617)
	at java.lang.Thread.run(Thread.java:745)
WARN  2016-05-19 14:56:30,720 (DataTransferManager.java:415) failed to connect to jackcbreton@saros-con.imp.fu-berlin.de/Saros using transport: XMPP-Socks5-Transport
java.io.IOException: [SOCKS5Transport] waiting for a response session timed out (30000ms) and could not establish a connection from this side, too:
	at de.fu_berlin.inf.dpp.net.internal.Socks5Transport.establishBinaryChannel(Socks5Transport.java:592)
	at de.fu_berlin.inf.dpp.net.internal.ByteStreamTransport.connect(ByteStreamTransport.java:48)
	at de.fu_berlin.inf.dpp.net.internal.DataTransferManager.connectInternal(DataTransferManager.java:412)
	at de.fu_berlin.inf.dpp.net.internal.DataTransferManager.connect(DataTransferManager.java:297)
	at de.fu_berlin.inf.dpp.negotiation.IncomingSessionNegotiation.accept(IncomingSessionNegotiation.java:167)
	at de.fu_berlin.inf.dpp.ui.wizards.JoinSessionWizard$2.run(JoinSessionWizard.java:128)
	at org.eclipse.jface.operation.ModalContext$ModalContextThread.run(ModalContext.java:119)
Caused by: item-not-found(404) Could not establish socket with any provided host
	at org.jivesoftware.smack.util.SyncPacketSend.getReply(SyncPacketSend.java:54)
	at org.jivesoftware.smackx.bytestreams.socks5.Socks5BytestreamManager.establishSession(Socks5BytestreamManager.java:481)
	at org.jivesoftware.smackx.bytestreams.socks5.Socks5BytestreamManager.establishSession(Socks5BytestreamManager.java:83)
	at de.fu_berlin.inf.dpp.net.internal.Socks5Transport.establishBinaryChannel(Socks5Transport.java:512)
	... 6 more
WARN  2016-05-19 14:56:31,098 (SubscriptionHandler.java:148) received error presence package from saros_707483113@conference.saros-con.imp.fu-berlin.de/toper@saros-con.imp.fu-berlin.de/Saros, condition: not-authorized, message: A password is required to enter this room
ERROR 2016-05-19 15:05:22,716 (DataTransferManager.java:270) failed to send TransferDescription [elementName=ados, namespace=de.fu_berlin.inf.dpp, recipient=jackcbreton@saros-con.imp.fu-berlin.de/Saros, sender=toper@saros-con.imp.fu-berlin.de/Saros, compress=true], connection=[mode=IBB, id=saros-main-session] jackcbreton@saros-con.imp.fu-berlin.de/Saros:Error while closing stream: No response from server.
java.io.IOException: Error while closing stream: No response from server.
	at org.jivesoftware.smackx.bytestreams.ibb.InBandBytestreamSession.closeByLocal(InBandBytestreamSession.java:213)
	at org.jivesoftware.smackx.bytestreams.ibb.InBandBytestreamSession.close(InBandBytestreamSession.java:154)
	at org.jivesoftware.smackx.bytestreams.ibb.InBandBytestreamSession$IQIBBOutputStream.writeToXML(InBandBytestreamSession.java:768)
	at org.jivesoftware.smackx.bytestreams.ibb.InBandBytestreamSession$IBBOutputStream.flushBuffer(InBandBytestreamSession.java:707)
	at org.jivesoftware.smackx.bytestreams.ibb.InBandBytestreamSession$IBBOutputStream.flush(InBandBytestreamSession.java:691)
	at java.io.BufferedOutputStream.flush(BufferedOutputStream.java:141)
	at java.io.DataOutputStream.flush(DataOutputStream.java:123)
	at de.fu_berlin.inf.dpp.net.internal.BinaryChannelConnection.sendTransferDescription(BinaryChannelConnection.java:544)
	at de.fu_berlin.inf.dpp.net.internal.BinaryChannelConnection.send(BinaryChannelConnection.java:322)
	at de.fu_berlin.inf.dpp.net.internal.DataTransferManager.sendInternal(DataTransferManager.java:268)
	at de.fu_berlin.inf.dpp.net.internal.DataTransferManager.sendData(DataTransferManager.java:216)
	at de.fu_berlin.inf.dpp.net.internal.XMPPTransmitter.send(XMPPTransmitter.java:90)
	at de.fu_berlin.inf.dpp.project.internal.ActivitySequencer.sendActivities(ActivitySequencer.java:501)
	at de.fu_berlin.inf.dpp.project.internal.ActivitySequencer.access$3(ActivitySequencer.java:482)
	at de.fu_berlin.inf.dpp.project.internal.ActivitySequencer$2.run(ActivitySequencer.java:152)
	at de.fu_berlin.inf.dpp.util.ThreadUtils$1.run(ThreadUtils.java:38)
	at java.lang.Thread.run(Thread.java:745)
ERROR 2016-05-19 15:05:22,723 (ActivitySequencer.java:504) failed to sent activities: [EditorActivity(type: ACTIVATED, path: SPath [path=src/net/toper/sound/engine1.java, project=Phantom])]
java.io.IOException: Error while closing stream: No response from server.
	at org.jivesoftware.smackx.bytestreams.ibb.InBandBytestreamSession.closeByLocal(InBandBytestreamSession.java:213)
	at org.jivesoftware.smackx.bytestreams.ibb.InBandBytestreamSession.close(InBandBytestreamSession.java:154)
	at org.jivesoftware.smackx.bytestreams.ibb.InBandBytestreamSession$IQIBBOutputStream.writeToXML(InBandBytestreamSession.java:768)
	at org.jivesoftware.smackx.bytestreams.ibb.InBandBytestreamSession$IBBOutputStream.flushBuffer(InBandBytestreamSession.java:707)
	at org.jivesoftware.smackx.bytestreams.ibb.InBandBytestreamSession$IBBOutputStream.flush(InBandBytestreamSession.java:691)
	at java.io.BufferedOutputStream.flush(BufferedOutputStream.java:141)
	at java.io.DataOutputStream.flush(DataOutputStream.java:123)
	at de.fu_berlin.inf.dpp.net.internal.BinaryChannelConnection.sendTransferDescription(BinaryChannelConnection.java:544)
	at de.fu_berlin.inf.dpp.net.internal.BinaryChannelConnection.send(BinaryChannelConnection.java:322)
	at de.fu_berlin.inf.dpp.net.internal.DataTransferManager.sendInternal(DataTransferManager.java:268)
	at de.fu_berlin.inf.dpp.net.internal.DataTransferManager.sendData(DataTransferManager.java:216)
	at de.fu_berlin.inf.dpp.net.internal.XMPPTransmitter.send(XMPPTransmitter.java:90)
	at de.fu_berlin.inf.dpp.project.internal.ActivitySequencer.sendActivities(ActivitySequencer.java:501)
	at de.fu_berlin.inf.dpp.project.internal.ActivitySequencer.access$3(ActivitySequencer.java:482)
	at de.fu_berlin.inf.dpp.project.internal.ActivitySequencer$2.run(ActivitySequencer.java:152)
	at de.fu_berlin.inf.dpp.util.ThreadUtils$1.run(ThreadUtils.java:38)
	at java.lang.Thread.run(Thread.java:745)
WARN  2016-05-19 15:05:22,846 (SarosSession.java:655) failed to notify user jackcbreton@saros-con.imp.fu-berlin.de/Saros about local session stop
java.io.IOException: not connected to jackcbreton@saros-con.imp.fu-berlin.de/Saros [connection identifier=saros-main-session]
	at de.fu_berlin.inf.dpp.net.internal.DataTransferManager.sendData(DataTransferManager.java:206)
	at de.fu_berlin.inf.dpp.net.internal.XMPPTransmitter.send(XMPPTransmitter.java:90)
	at de.fu_berlin.inf.dpp.project.internal.SarosSession.stop(SarosSession.java:651)
	at de.fu_berlin.inf.dpp.project.SarosSessionManager.stopSarosSession(SarosSessionManager.java:340)
	at de.fu_berlin.inf.dpp.project.internal.timeout.SessionTimeoutHandler$3.run(SessionTimeoutHandler.java:115)
	at de.fu_berlin.inf.dpp.util.ThreadUtils$1.run(ThreadUtils.java:38)
	at java.lang.Thread.run(Thread.java:745)
WARN  2016-05-19 15:05:22,883 (EditorManager.java:490) .disconnect(): file L/Phantom/src/net/toper/main/Main.java already disconnected
ERROR 2016-05-19 21:18:19,047 (XMPPConnectionService.java:101) XMPP connection error: 
java.net.SocketTimeoutException: Read timed out
	at java.net.SocketInputStream.socketRead0(Native Method)
	at java.net.SocketInputStream.socketRead(SocketInputStream.java:116)
	at java.net.SocketInputStream.read(SocketInputStream.java:170)
	at java.net.SocketInputStream.read(SocketInputStream.java:141)
	at sun.security.ssl.InputRecord.readFully(InputRecord.java:465)
	at sun.security.ssl.InputRecord.read(InputRecord.java:503)
	at sun.security.ssl.SSLSocketImpl.readRecord(SSLSocketImpl.java:973)
	at sun.security.ssl.SSLSocketImpl.readDataRecord(SSLSocketImpl.java:930)
	at sun.security.ssl.AppInputStream.read(AppInputStream.java:105)
	at sun.nio.cs.StreamDecoder.readBytes(StreamDecoder.java:284)
	at sun.nio.cs.StreamDecoder.implRead(StreamDecoder.java:326)
	at sun.nio.cs.StreamDecoder.read(StreamDecoder.java:178)
	at java.io.InputStreamReader.read(InputStreamReader.java:184)
	at java.io.BufferedReader.fill(BufferedReader.java:161)
	at java.io.BufferedReader.read1(BufferedReader.java:212)
	at java.io.BufferedReader.read(BufferedReader.java:286)
	at org.xmlpull.mxp1.MXParser.fillBuf(MXParser.java:2992)
	at org.xmlpull.mxp1.MXParser.more(MXParser.java:3046)
	at org.xmlpull.mxp1.MXParser.nextImpl(MXParser.java:1144)
	at org.xmlpull.mxp1.MXParser.next(MXParser.java:1093)
	at org.jivesoftware.smack.PacketReader.parsePackets(PacketReader.java:312)
	at org.jivesoftware.smack.PacketReader.access$000(PacketReader.java:48)
	at org.jivesoftware.smack.PacketReader$1.run(PacketReader.java:76)
ERROR 2016-05-19 21:18:19,049 (XMPPConnectionService.java:400)  new connection state == ERROR
java.net.SocketTimeoutException: Read timed out
	at java.net.SocketInputStream.socketRead0(Native Method)
	at java.net.SocketInputStream.socketRead(SocketInputStream.java:116)
	at java.net.SocketInputStream.read(SocketInputStream.java:170)
	at java.net.SocketInputStream.read(SocketInputStream.java:141)
	at sun.security.ssl.InputRecord.readFully(InputRecord.java:465)
	at sun.security.ssl.InputRecord.read(InputRecord.java:503)
	at sun.security.ssl.SSLSocketImpl.readRecord(SSLSocketImpl.java:973)
	at sun.security.ssl.SSLSocketImpl.readDataRecord(SSLSocketImpl.java:930)
	at sun.security.ssl.AppInputStream.read(AppInputStream.java:105)
	at sun.nio.cs.StreamDecoder.readBytes(StreamDecoder.java:284)
	at sun.nio.cs.StreamDecoder.implRead(StreamDecoder.java:326)
	at sun.nio.cs.StreamDecoder.read(StreamDecoder.java:178)
	at java.io.InputStreamReader.read(InputStreamReader.java:184)
	at java.io.BufferedReader.fill(BufferedReader.java:161)
	at java.io.BufferedReader.read1(BufferedReader.java:212)
	at java.io.BufferedReader.read(BufferedReader.java:286)
	at org.xmlpull.mxp1.MXParser.fillBuf(MXParser.java:2992)
	at org.xmlpull.mxp1.MXParser.more(MXParser.java:3046)
	at org.xmlpull.mxp1.MXParser.nextImpl(MXParser.java:1144)
	at org.xmlpull.mxp1.MXParser.next(MXParser.java:1093)
	at org.jivesoftware.smack.PacketReader.parsePackets(PacketReader.java:312)
	at org.jivesoftware.smack.PacketReader.access$000(PacketReader.java:48)
	at org.jivesoftware.smack.PacketReader$1.run(PacketReader.java:76)
ERROR 2016-05-19 21:18:19,052 (BinaryChannelConnection.java:176) failed to gracefully close connection [mode=IBB, id=default] jackcbreton@saros-con.imp.fu-berlin.de/Saros
java.lang.IllegalStateException: Not connected to server.
	at org.jivesoftware.smack.XMPPConnection.sendPacket(XMPPConnection.java:483)
	at org.jivesoftware.smack.util.SyncPacketSend.getReply(SyncPacketSend.java:42)
	at org.jivesoftware.smack.util.SyncPacketSend.getReply(SyncPacketSend.java:62)
	at org.jivesoftware.smackx.bytestreams.ibb.InBandBytestreamSession.closeByLocal(InBandBytestreamSession.java:210)
	at org.jivesoftware.smackx.bytestreams.ibb.InBandBytestreamSession.close(InBandBytestreamSession.java:154)
	at de.fu_berlin.inf.dpp.net.internal.XMPPByteStreamAdapter.close(XMPPByteStreamAdapter.java:32)
	at de.fu_berlin.inf.dpp.net.internal.BinaryChannelConnection.close(BinaryChannelConnection.java:174)
	at de.fu_berlin.inf.dpp.net.internal.ConnectionPool.close(ConnectionPool.java:50)
	at de.fu_berlin.inf.dpp.net.internal.DataTransferManager.disposeConnection(DataTransferManager.java:510)
	at de.fu_berlin.inf.dpp.net.internal.DataTransferManager.connectionStateChanged(DataTransferManager.java:520)
	at de.fu_berlin.inf.dpp.net.xmpp.XMPPConnectionService.setConnectionState(XMPPConnectionService.java:405)
	at de.fu_berlin.inf.dpp.net.xmpp.XMPPConnectionService.access$1(XMPPConnectionService.java:384)
	at de.fu_berlin.inf.dpp.net.xmpp.XMPPConnectionService$1.connectionClosedOnError(XMPPConnectionService.java:102)
	at org.jivesoftware.smack.XMPPConnection.notifyConnectionError(XMPPConnection.java:1057)
	at org.jivesoftware.smack.PacketReader.parsePackets(PacketReader.java:321)
	at org.jivesoftware.smack.PacketReader.access$000(PacketReader.java:48)
	at org.jivesoftware.smack.PacketReader$1.run(PacketReader.java:76)
